
> cover_song_identification@0.1.0 start /home/petros/cover-song-identification-platform/csi_fe
> react-scripts start

(node:31458) [DEP_WEBPACK_DEV_SERVER_ON_AFTER_SETUP_MIDDLEWARE] DeprecationWarning: 'onAfterSetupMiddleware' option is deprecated. Please use the 'setupMiddlewares' option.
(Use `node --trace-deprecation ...` to show where the warning was created)
(node:31458) [DEP_WEBPACK_DEV_SERVER_ON_BEFORE_SETUP_MIDDLEWARE] DeprecationWarning: 'onBeforeSetupMiddleware' option is deprecated. Please use the 'setupMiddlewares' option.
Starting the development server...

Compiled successfully!

You can now view cover_song_identification in the browser.

  Local:            http://localhost:3000
  On Your Network:  http://10.128.0.4:3000

Note that the development build is not optimized.
To create a production build, use npm run build.

webpack compiled successfully
Compiling...
Compiled with warnings.

[eslint] 
src/views/dashboard/Default/CompareCoversCard.js
  Line 2:10:   'useEffect' is defined but never used       no-unused-vars
  Line 6:10:   'Avatar' is defined but never used          no-unused-vars
  Line 6:52:   'Divider' is defined but never used         no-unused-vars
  Line 6:67:   'Menu' is defined but never used            no-unused-vars
  Line 6:73:   'MenuItem' is defined but never used        no-unused-vars
  Line 15:10:  'getAllSongs' is defined but never used     no-unused-vars
  Line 37:11:  'theme' is assigned a value but never used  no-unused-vars

Search for the keywords to learn more about each warning.
To ignore, add // eslint-disable-next-line to the line before.

WARNING in [eslint] 
src/views/dashboard/Default/CompareCoversCard.js
  Line 2:10:   'useEffect' is defined but never used       no-unused-vars
  Line 6:10:   'Avatar' is defined but never used          no-unused-vars
  Line 6:52:   'Divider' is defined but never used         no-unused-vars
  Line 6:67:   'Menu' is defined but never used            no-unused-vars
  Line 6:73:   'MenuItem' is defined but never used        no-unused-vars
  Line 15:10:  'getAllSongs' is defined but never used     no-unused-vars
  Line 37:11:  'theme' is assigned a value but never used  no-unused-vars

webpack compiled with 1 warning
Compiling...
Compiled with warnings.

[eslint] 
src/views/dashboard/Default/CompareCoversCard.js
  Line 2:10:   'useEffect' is defined but never used       no-unused-vars
  Line 6:10:   'Avatar' is defined but never used          no-unused-vars
  Line 6:52:   'Divider' is defined but never used         no-unused-vars
  Line 6:67:   'Menu' is defined but never used            no-unused-vars
  Line 6:73:   'MenuItem' is defined but never used        no-unused-vars
  Line 15:10:  'getAllSongs' is defined but never used     no-unused-vars
  Line 37:11:  'theme' is assigned a value but never used  no-unused-vars

Search for the keywords to learn more about each warning.
To ignore, add // eslint-disable-next-line to the line before.

WARNING in [eslint] 
src/views/dashboard/Default/CompareCoversCard.js
  Line 2:10:   'useEffect' is defined but never used       no-unused-vars
  Line 6:10:   'Avatar' is defined but never used          no-unused-vars
  Line 6:52:   'Divider' is defined but never used         no-unused-vars
  Line 6:67:   'Menu' is defined but never used            no-unused-vars
  Line 6:73:   'MenuItem' is defined but never used        no-unused-vars
  Line 15:10:  'getAllSongs' is defined but never used     no-unused-vars
  Line 37:11:  'theme' is assigned a value but never used  no-unused-vars

webpack compiled with 1 warning

> cover_song_identification@0.1.0 start /home/petros/cover-song-identification-platform/csi_fe
> react-scripts start

(node:119708) [DEP_WEBPACK_DEV_SERVER_ON_AFTER_SETUP_MIDDLEWARE] DeprecationWarning: 'onAfterSetupMiddleware' option is deprecated. Please use the 'setupMiddlewares' option.
(Use `node --trace-deprecation ...` to show where the warning was created)
(node:119708) [DEP_WEBPACK_DEV_SERVER_ON_BEFORE_SETUP_MIDDLEWARE] DeprecationWarning: 'onBeforeSetupMiddleware' option is deprecated. Please use the 'setupMiddlewares' option.
Starting the development server...

Compiled successfully!

You can now view cover_song_identification in the browser.

  Local:            http://localhost:3000
  On Your Network:  http://10.128.0.4:3000

Note that the development build is not optimized.
To create a production build, use npm run build.

webpack compiled successfully
